<?xml version="1.0" encoding="UTF-8"?>
<testsuite xmlns:xsi="http://www.w3.org/2001/XMLSchema-instance" xsi:noNamespaceSchemaLocation="https://maven.apache.org/surefire/maven-surefire-plugin/xsd/surefire-test-report-3.0.xsd" version="3.0" name="poker.CartasTest" time="0.025" tests="6" errors="0" skipped="0" failures="0">
  <properties>
[...]
</properties>
  <testcase name="crearUnaCarta_shouldBeTrue" classname="poker.CartasTest" time="0.006"/>
  <testcase name="barajarUnaBarajaConCartasRepartidas_shouldBeTrue" classname="poker.CartasTest" time="0.002"/>
  <testcase name="repartirLaCantidadSolicitada_shouldBeTrue" classname="poker.CartasTest" time="0.002"/>
  <testcase name="crearUnaBarajaCompleta_shouldBeTrue" classname="poker.CartasTest" time="0.003"/>
  <testcase name="repartirDespuesDeAgotarLaBaraja_shouldBeTrue" classname="poker.CartasTest" time="0.003"/>
  <testcase name="recibirUnaCartaNula_shouldThrowException" classname="poker.CartasTest" time="0.002"/>
</testsuite>